<?xml version="1.0" encoding="UTF-8"?>
<!-- Generated by org.testng.reporters.JUnitReportReporter -->
<testsuite hostname="Desktop-Zalman" failures="0" tests="1" name="com.bcahungary.acme.WebsiteLoadTest" time="1.497" errors="0" timestamp="2024-09-25T01:39:19 CEST" skipped="0">
  <testcase classname="com.bcahungary.acme.WebsiteLoadTest" name="testWebsiteLoad" time="1.497"/>
</testsuite> <!-- com.bcahungary.acme.WebsiteLoadTest -->
