<?xml version="1.0" encoding="UTF-8"?>
<!-- Generated by org.testng.reporters.JUnitReportReporter -->
<testsuite hostname="Desktop-Zalman" failures="0" tests="1" name="WebsiteLoadTest" time="1.035" errors="0" timestamp="2024-09-25T01:30:38 CEST" skipped="0">
  <testcase classname="WebsiteLoadTest" name="testWebsiteLoad" time="1.035"/>
</testsuite> <!-- WebsiteLoadTest -->
