<?xml version="1.0" encoding="UTF-8"?>
<!-- Generated by org.testng.reporters.JUnitReportReporter -->
<testsuite hostname="Desktop-Zalman" failures="0" tests="3" name="WorkItemTest" time="22.389" errors="0" timestamp="2024-09-25T01:30:38 CEST" skipped="0">
  <testcase classname="WorkItemTest" name="testMoreThan13WorkItems" time="0.000"/>
  <testcase classname="WorkItemTest" name="testWorkItemsList" time="22.384"/>
  <testcase classname="WorkItemTest" name="testWriteWorkItemsToFile" time="0.005"/>
</testsuite> <!-- WorkItemTest -->
