<?xml version="1.0" encoding="UTF-8"?>
<!-- Generated by org.testng.reporters.JUnitReportReporter -->
<testsuite hostname="Desktop-Zalman" failures="0" tests="1" name="LogoutTest" time="2.013" errors="0" timestamp="2024-09-25T01:30:38 CEST" skipped="0">
  <testcase classname="LogoutTest" name="testLogout" time="2.013"/>
</testsuite> <!-- LogoutTest -->
