<?xml version="1.0" encoding="UTF-8"?>
<!-- Generated by org.testng.reporters.JUnitReportReporter -->
<testsuite hostname="Desktop-Zalman" failures="0" tests="3" name="com.bcahungary.acme.WorkItemTest" time="21.460" errors="0" timestamp="2024-09-25T01:39:19 CEST" skipped="0">
  <testcase classname="com.bcahungary.acme.WorkItemTest" name="testWriteWorkItemsToFile" time="0.005"/>
  <testcase classname="com.bcahungary.acme.WorkItemTest" name="testWorkItemsList" time="21.454"/>
  <testcase classname="com.bcahungary.acme.WorkItemTest" name="testMoreThan13WorkItems" time="0.001"/>
</testsuite> <!-- com.bcahungary.acme.WorkItemTest -->
